<?xml version="1.0" encoding="UTF-8"?>
<!-- Generated by org.testng.reporters.JUnitReportReporter -->
<testsuite skipped="0" hostname="DESKTOP-8MPHSFA" name="restAPI.ThomasBayerCustomerValidityCheck" tests="2" failures="0" timestamp="29 Jan 2019 02:25:07 GMT" time="1.327" errors="0">
  <testcase name="IDCheck" time="0.488" classname="restAPI.ThomasBayerCustomerValidityCheck"/>
  <testcase name="customerDetailsCheck" time="0.839" classname="restAPI.ThomasBayerCustomerValidityCheck"/>
</testsuite> <!-- restAPI.ThomasBayerCustomerValidityCheck -->
