<?xml version="1.0" encoding="UTF-8"?>
<!-- Generated by org.testng.reporters.JUnitReportReporter -->
<testsuite skipped="0" hostname="DESKTOP-8MPHSFA" name="restAPI.BooksAPI" tests="1" failures="0" timestamp="29 Jan 2019 02:25:07 GMT" time="1.697" errors="0">
  <testcase name="responseCompare" time="1.697" classname="restAPI.BooksAPI"/>
</testsuite> <!-- restAPI.BooksAPI -->
