<?xml version="1.0" encoding="UTF-8"?>
<!-- Generated by org.testng.reporters.JUnitReportReporter -->
<testsuite skipped="0" hostname="DESKTOP-8MPHSFA" name="restAPI.RestAPI" tests="2" failures="0" timestamp="29 Jan 2019 02:25:07 GMT" time="2.821" errors="0">
  <testcase name="getData" time="1.652" classname="restAPI.RestAPI"/>
  <testcase name="testResponseCode" time="1.169" classname="restAPI.RestAPI"/>
</testsuite> <!-- restAPI.RestAPI -->
