<?xml version="1.0" encoding="UTF-8"?>
<!-- Generated by org.testng.reporters.JUnitReportReporter -->
<testsuite skipped="0" hostname="DESKTOP-8MPHSFA" name="restAPI.GetRequestSample" tests="1" failures="0" timestamp="15 Jan 2019 18:27:50 GMT" time="0.012" errors="0">
  <testcase name="test1" time="0.012" classname="restAPI.GetRequestSample"/>
</testsuite> <!-- restAPI.GetRequestSample -->
